<?xml version="1.0" encoding="UTF-8"?>
<!-- Generated by org.testng.reporters.JUnitReportReporter -->
<testsuite skipped="0" hostname="LAPTOP-JPNVQ0I5" name="testPackage.Feb27" tests="1" failures="0" timestamp="27 Feb 2019 03:46:31 GMT" time="220.506" errors="0">
  <testcase name="loginBrowser" time="220.506" classname="testPackage.Feb27"/>
</testsuite> <!-- testPackage.Feb27 -->
