<?xml version="1.0" encoding="UTF-8"?>
<!-- Generated by org.testng.reporters.JUnitReportReporter -->
<testsuite skipped="0" hostname="LAPTOP-JPNVQ0I5" name="testPackage.DataProviderTest" tests="2" failures="0" timestamp="06 Mar 2019 03:46:21 GMT" time="88.886" errors="0">
  <testcase name="test" time="56.940" classname="testPackage.DataProviderTest"/>
  <testcase name="test" time="31.946" classname="testPackage.DataProviderTest"/>
</testsuite> <!-- testPackage.DataProviderTest -->
