<?xml version="1.0" encoding="UTF-8"?>
<!-- Generated by org.testng.reporters.JUnitReportReporter -->
<testsuite skipped="0" hostname="LAPTOP-JPNVQ0I5" name="testPackage.WindowHandles" tests="1" failures="0" timestamp="26 Feb 2019 03:10:30 GMT" time="66.302" errors="0">
  <testcase name="windowHandles" time="66.302" classname="testPackage.WindowHandles"/>
</testsuite> <!-- testPackage.WindowHandles -->
