<?xml version="1.0" encoding="UTF-8"?>
<!-- Generated by org.testng.reporters.JUnitReportReporter -->
<testsuite skipped="0" hostname="LAPTOP-JPNVQ0I5" name="utility.ExtentDemo" tests="1" failures="0" timestamp="01 Mar 2019 03:54:59 GMT" time="119.517" errors="0">
  <testcase name="extentReportsDemo" time="119.517" classname="utility.ExtentDemo"/>
</testsuite> <!-- utility.ExtentDemo -->
